<?xml version="1.0" encoding="UTF-8"?>
<testsuite name="com.artreset.app.sample.controller.StandaloneTodoControllerTest" time="2.351" tests="15" errors="0" skipped="0" failures="0">
  <properties>
    <property name="java.runtime.name" value="Java(TM) SE Runtime Environment"/>
    <property name="sun.boot.library.path" value="C:\Program Files (x86)\Java\jdk1.7.0_60\jre\bin"/>
    <property name="java.vm.version" value="24.60-b09"/>
    <property name="java.vm.vendor" value="Oracle Corporation"/>
    <property name="java.vendor.url" value="http://java.oracle.com/"/>
    <property name="path.separator" value=";"/>
    <property name="guice.disable.misplaced.annotation.check" value="true"/>
    <property name="java.vm.name" value="Java HotSpot(TM) Client VM"/>
    <property name="file.encoding.pkg" value="sun.io"/>
    <property name="user.script" value=""/>
    <property name="user.country" value="KR"/>
    <property name="sun.java.launcher" value="SUN_STANDARD"/>
    <property name="sun.os.patch.level" value="Service Pack 1"/>
    <property name="java.vm.specification.name" value="Java Virtual Machine Specification"/>
    <property name="user.dir" value="C:\dev\java\workspace-artreset\artreset-root\artreset-web\artreset-web-front"/>
    <property name="java.runtime.version" value="1.7.0_60-b19"/>
    <property name="java.awt.graphicsenv" value="sun.awt.Win32GraphicsEnvironment"/>
    <property name="java.endorsed.dirs" value="C:\Program Files (x86)\Java\jdk1.7.0_60\jre\lib\endorsed"/>
    <property name="os.arch" value="x86"/>
    <property name="java.io.tmpdir" value="C:\Users\Hyun-X200\AppData\Local\Temp\"/>
    <property name="line.separator" value="&#10;"/>
    <property name="java.vm.specification.vendor" value="Oracle Corporation"/>
    <property name="user.variant" value=""/>
    <property name="os.name" value="Windows 7"/>
    <property name="net.sourceforge.cobertura.datafile" value="C:\dev\java\workspace-artreset\artreset-root\artreset-web\artreset-web-front\target\cobertura\cobertura.ser"/>
    <property name="classworlds.conf" value="C:\dev\java\workspace-artreset\.metadata\.plugins\org.eclipse.m2e.launching\launches\m2conf1558702589345275661.tmp"/>
    <property name="sun.jnu.encoding" value="MS949"/>
    <property name="java.library.path" value="C:\Program Files (x86)\Java\jdk1.7.0_60\bin;C:\Windows\Sun\Java\bin;C:\Windows\system32;C:\Windows;C:/Program Files (x86)/Java/jdk1.7.0_60/bin/../jre/bin/client;C:/Program Files (x86)/Java/jdk1.7.0_60/bin/../jre/bin;C:/Program Files (x86)/Java/jdk1.7.0_60/bin/../jre/lib/i386;C:\Program Files (x86)\Common Files\NetSarang;C:\Program Files (x86)\Java\jdk1.7.0_60\bin;C:\Windows\system32;C:\Windows;C:\Windows\System32\Wbem;C:\Windows\System32\WindowsPowerShell\v1.0\;C:\Program Files (x86)\nodejs\;C:\Users\Hyun-X200\AppData\Roaming\npm;C:\dev\java\sts-bundle\sts-3.5.1.RELEASE;;."/>
    <property name="java.specification.name" value="Java Platform API Specification"/>
    <property name="java.class.version" value="51.0"/>
    <property name="sun.management.compiler" value="HotSpot Client Compiler"/>
    <property name="os.version" value="6.1"/>
    <property name="user.home" value="C:\Users\Hyun-X200"/>
    <property name="user.timezone" value="Asia/Seoul"/>
    <property name="java.awt.printerjob" value="sun.awt.windows.WPrinterJob"/>
    <property name="java.specification.version" value="1.7"/>
    <property name="file.encoding" value="UTF-8"/>
    <property name="user.name" value="Hyun-X200"/>
    <property name="java.class.path" value="/C:/dev/java/sts-bundle/sts-3.5.1.RELEASE/configuration/org.eclipse.osgi/bundles/560/1/.cp/jars/plexus-classworlds-2.4.jar"/>
    <property name="java.vm.specification.version" value="1.7"/>
    <property name="sun.arch.data.model" value="32"/>
    <property name="java.home" value="C:\Program Files (x86)\Java\jdk1.7.0_60\jre"/>
    <property name="sun.java.command" value="org.codehaus.plexus.classworlds.launcher.Launcher -B clean site"/>
    <property name="java.specification.vendor" value="Oracle Corporation"/>
    <property name="user.language" value="ko"/>
    <property name="awt.toolkit" value="sun.awt.windows.WToolkit"/>
    <property name="java.vm.info" value="mixed mode, sharing"/>
    <property name="java.version" value="1.7.0_60"/>
    <property name="java.ext.dirs" value="C:\Program Files (x86)\Java\jdk1.7.0_60\jre\lib\ext;C:\Windows\Sun\Java\lib\ext"/>
    <property name="sun.boot.class.path" value="C:\Program Files (x86)\Java\jdk1.7.0_60\jre\lib\resources.jar;C:\Program Files (x86)\Java\jdk1.7.0_60\jre\lib\rt.jar;C:\Program Files (x86)\Java\jdk1.7.0_60\jre\lib\sunrsasign.jar;C:\Program Files (x86)\Java\jdk1.7.0_60\jre\lib\jsse.jar;C:\Program Files (x86)\Java\jdk1.7.0_60\jre\lib\jce.jar;C:\Program Files (x86)\Java\jdk1.7.0_60\jre\lib\charsets.jar;C:\Program Files (x86)\Java\jdk1.7.0_60\jre\lib\jfr.jar;C:\Program Files (x86)\Java\jdk1.7.0_60\jre\classes"/>
    <property name="java.vendor" value="Oracle Corporation"/>
    <property name="maven.home" value="C:\dev\java\workspace-artreset\artreset-root\artreset-web\artreset-web-front\EMBEDDED"/>
    <property name="file.separator" value="\"/>
    <property name="java.vendor.url.bug" value="http://bugreport.sun.com/bugreport/"/>
    <property name="maven.bootclasspath" value="/C:/dev/java/sts-bundle/sts-3.5.1.RELEASE/configuration/org.eclipse.osgi/bundles/560/1/.cp/jars/plexus-classworlds-2.4.jar"/>
    <property name="sun.cpu.endian" value="little"/>
    <property name="sun.io.unicode.encoding" value="UnicodeLittle"/>
    <property name="project.build.outputDirectory" value="C:\dev\java\workspace-artreset\artreset-root\artreset-web\artreset-web-front\target\generated-classes\cobertura"/>
    <property name="sun.desktop" value="windows"/>
    <property name="sun.cpu.isalist" value="pentium_pro+mmx pentium_pro pentium+mmx pentium i486 i386 i86"/>
  </properties>
  <testcase name="add_호출후_새로운항목이추가되고_상세화면으로렌더링되는지_테스트" classname="com.artreset.app.sample.controller.StandaloneTodoControllerTest" time="0.141"/>
  <testcase name="showUpdateTodoForm_주어진아이디의항목이없을경우_404화면으로렌더링되는지_테스트" classname="com.artreset.app.sample.controller.StandaloneTodoControllerTest" time="0.088"/>
  <testcase name="add_호출시_빈폼객를_넘겨주고_필수항목_title이_유효성에러를출력하는지_테스트" classname="com.artreset.app.sample.controller.StandaloneTodoControllerTest" time="0"/>
  <testcase name="update_title_description_길이가_너무길때_유효성에러를출력하는지_테스트" classname="com.artreset.app.sample.controller.StandaloneTodoControllerTest" time="0.03"/>
  <testcase name="update_호출시_주어진아이디로해당항목을찾고_해당항목을수정후_목록화면을렌더링하는지_테스트" classname="com.artreset.app.sample.controller.StandaloneTodoControllerTest" time="0.032"/>
  <testcase name="update_주어진아이디의항목이없을경우_404화면으로렌더링되는지_테스트" classname="com.artreset.app.sample.controller.StandaloneTodoControllerTest" time="0.052"/>
  <testcase name="showAddTodoForm_호출해_TODO_폼객체를_생성하고_화면에_렌더링하는지_테스트" classname="com.artreset.app.sample.controller.StandaloneTodoControllerTest" time="0.01"/>
  <testcase name="findById_호출시_주어진아이디로해당항목을찾고_상세화면으로렌더링되는지_테스트" classname="com.artreset.app.sample.controller.StandaloneTodoControllerTest" time="0.035"/>
  <testcase name="showUpdateTodoForm_호출되어_주어진아이디로해당항목을찾고_폼객체생성후_업데이트화면으로렌더링되는지_테스트" classname="com.artreset.app.sample.controller.StandaloneTodoControllerTest" time="1.241"/>
  <testcase name="add_호출시_title과description_길이가_너무길때_유효성에러를출력하는지_테스트" classname="com.artreset.app.sample.controller.StandaloneTodoControllerTest" time="0.205"/>
  <testcase name="findById_호출시_주어진아이디의항목이없을경우_404화면으로렌더링되는지_테스트" classname="com.artreset.app.sample.controller.StandaloneTodoControllerTest" time="0.203"/>
  <testcase name="deleteById_호출시_주어진아이디로해당항목을찾고_해당항목을삭제후_목록화면을렌더링하는지_테스트" classname="com.artreset.app.sample.controller.StandaloneTodoControllerTest" time="0.222"/>
  <testcase name="update__빈폼객를_넘겨주고_필수항목_title이_유효성에러를_반환하는지_테스트" classname="com.artreset.app.sample.controller.StandaloneTodoControllerTest" time="0.091"/>
  <testcase name="deleteById_호출시_주어진아이디의항목이없으면_404화면을렌더링하는지_테스트" classname="com.artreset.app.sample.controller.StandaloneTodoControllerTest" time="0"/>
  <testcase name="findAll_호출시_목록화면이렌더링되고_모든TODO항목이_모델에_존재하는지_테스트" classname="com.artreset.app.sample.controller.StandaloneTodoControllerTest" time="0.001"/>
</testsuite>